# JRE version: OpenJDK Runtime Environment (15.0.1+9) (build 15.0.1+9-18)
# Java VM: OpenJDK 64-Bit Server VM (15.0.1+9-18, mixed mode, sharing, tiered, compressed oops, g1 gc, windows-amd64)
GC Precious Log:
 CPUs: 8 total, 8 available
 Memory: 16131M
 Large Page Support: Disabled
 NUMA Support: Disabled
 Compressed Oops: Enabled (Zero based)
 Heap Region Size: 2M
 Heap Min Capacity: 8M
 Heap Initial Capacity: 254M
 Heap Max Capacity: 4034M
 Pre-touch: Disabled
 Parallel Workers: 8
 Concurrent Workers: 2
 Concurrent Refinement Workers: 8
 Periodic GC: Disabled
Heap:
 garbage-first heap   total 55296K, used 29684K [0x0000000703e00000, 0x0000000800000000)
  region size 2048K, 8 young (16384K), 2 survivors (4096K)
 Metaspace       used 28117K, capacity 28381K, committed 28544K, reserved 1073152K
  class space    used 3731K, capacity 3841K, committed 3968K, reserved 1048576K
GC Heap History (10 events):
Event: 0.647 GC heap before
{Heap before GC invocations=0 (full 0):
 garbage-first heap   total 260096K, used 20480K [0x0000000703e00000, 0x0000000800000000)
  region size 2048K, 11 young (22528K), 0 survivors (0K)
 Metaspace       used 4576K, capacity 7489K, committed 7808K, reserved 1056768K
  class space    used 516K, capacity 791K, committed 896K, reserved 1048576K
}
Event: 0.650 GC heap after
{Heap after GC invocations=1 (full 0):
 garbage-first heap   total 260096K, used 3111K [0x0000000703e00000, 0x0000000800000000)
  region size 2048K, 2 young (4096K), 2 survivors (4096K)
 Metaspace       used 4576K, capacity 7489K, committed 7808K, reserved 1056768K
  class space    used 516K, capacity 791K, committed 896K, reserved 1048576K
}
Event: 1.312 GC heap before
{Heap before GC invocations=1 (full 0):
 garbage-first heap   total 260096K, used 35879K [0x0000000703e00000, 0x0000000800000000)
  region size 2048K, 18 young (36864K), 2 survivors (4096K)
 Metaspace       used 14846K, capacity 15015K, committed 15104K, reserved 1062912K
  class space    used 1727K, capacity 1783K, committed 1792K, reserved 1048576K
}
Event: 1.316 GC heap after
{Heap after GC invocations=2 (full 0):
 garbage-first heap   total 260096K, used 6896K [0x0000000703e00000, 0x0000000800000000)
  region size 2048K, 3 young (6144K), 3 survivors (6144K)
 Metaspace       used 14846K, capacity 15015K, committed 15104K, reserved 1062912K
  class space    used 1727K, capacity 1783K, committed 1792K, reserved 1048576K
}
Event: 4.590 GC heap before
{Heap before GC invocations=2 (full 0):
 garbage-first heap   total 260096K, used 37616K [0x0000000703e00000, 0x0000000800000000)
  region size 2048K, 18 young (36864K), 3 survivors (6144K)
 Metaspace       used 20934K, capacity 21119K, committed 21248K, reserved 1067008K
  class space    used 2724K, capacity 2791K, committed 2816K, reserved 1048576K
}
Event: 4.596 GC heap after
{Heap after GC invocations=3 (full 0):
 garbage-first heap   total 260096K, used 11487K [0x0000000703e00000, 0x0000000800000000)
  region size 2048K, 5 young (10240K), 5 survivors (10240K)
 Metaspace       used 20934K, capacity 21119K, committed 21248K, reserved 1067008K
  class space    used 2724K, capacity 2791K, committed 2816K, reserved 1048576K
}
Event: 5.024 GC heap before
{Heap before GC invocations=4 (full 0):
 garbage-first heap   total 55296K, used 34015K [0x0000000703e00000, 0x0000000800000000)
  region size 2048K, 16 young (32768K), 5 survivors (10240K)
 Metaspace       used 24923K, capacity 25169K, committed 25344K, reserved 1071104K
  class space    used 3468K, capacity 3541K, committed 3584K, reserved 1048576K
}
Event: 5.033 GC heap after
{Heap after GC invocations=5 (full 0):
 garbage-first heap   total 55296K, used 13947K [0x0000000703e00000, 0x0000000800000000)
  region size 2048K, 2 young (4096K), 2 survivors (4096K)
 Metaspace       used 24923K, capacity 25169K, committed 25344K, reserved 1071104K
  class space    used 3468K, capacity 3541K, committed 3584K, reserved 1048576K
}
Event: 10.672 GC heap before
{Heap before GC invocations=5 (full 0):
 garbage-first heap   total 55296K, used 36475K [0x0000000703e00000, 0x0000000800000000)
  region size 2048K, 13 young (26624K), 2 survivors (4096K)
 Metaspace       used 27596K, capacity 27825K, committed 27904K, reserved 1073152K
  class space    used 3720K, capacity 3805K, committed 3840K, reserved 1048576K
}
Event: 10.679 GC heap after
{Heap after GC invocations=6 (full 0):
 garbage-first heap   total 55296K, used 19444K [0x0000000703e00000, 0x0000000800000000)
  region size 2048K, 2 young (4096K), 2 survivors (4096K)
 Metaspace       used 27596K, capacity 27825K, committed 27904K, reserved 1073152K
  class space    used 3720K, capacity 3805K, committed 3840K, reserved 1048576K
}

